  g1.frag.glsl
  g1.vert.glsl
  painter-colored.frag.glsl
  painter-colored.vert.glsl
  painter-image.frag.glsl
  painter-image.vert.glsl
  painter-text.frag.glsl
  painter-text.vert.glsl
  painter-video.frag.glsl
  painter-video.vert.glsl
  WASAPI.winrt.cpp
  Audio.cpp
  TextToSpeech.winrt.cpp
  CameraResources.winrt.cpp
  ComputeImpl.cpp
  DeviceResources.winrt.cpp
  Direct3D11.winrt.cpp
  HolographicFrameController.winrt.cpp
  IndexBufferImpl.cpp
  PipelineStateImpl.cpp
  RenderTargetImpl.cpp
  ShaderImpl.cpp
  TextureArrayImpl.cpp
  TextureImpl.cpp
  VertexBufferImpl.cpp
  VideoFrameProcessor.winrt.cpp
  VrInterface_Hololens.winrt.cpp
  VrInterface_Oculus.cpp
  fiber.cpp
  amextra.cpp
  amfilter.cpp
  amvideo.cpp
  arithutil.cpp
  combase.cpp
  cprop.cpp
  ctlutil.cpp
  ddmm.cpp
  dllentry.cpp
  dllsetup.cpp
  mtype.cpp
  outputq.cpp
  perflog.cpp
  pstream.cpp
  pullpin.cpp
  refclock.cpp
  renbase.cpp
  schedule.cpp
  seekpt.cpp
  source.cpp
  strmctl.cpp
  sysclock.cpp
  transfrm.cpp
  transip.cpp
  videoctl.cpp
  vtrans.cpp
  winctrl.cpp
  winutil.cpp
  wxdebug.cpp
C:\projects\Kinc\Backends\System\Windows\Libraries\DirectShow\BaseClasses\wxdebug.cpp(11,1): warning C4005: _WINDLL: изменение макроопределения
C:\projects\Kinc\Backends\System\Windows\Libraries\DirectShow\BaseClasses\wxdebug.cpp : message : см. предыдущее определение "_WINDLL"
  wxlist.cpp
  wxutil.cpp
  System.cpp
  Video.cpp
  VrInterface_SteamVR.cpp
  Windows.cpp
  Mouse.cpp
  bridge.cpp
  sound.cpp
  soundstream.cpp
  filereader.winrt.cpp
  socket.cpp
  Convert.cpp
  Compute.cpp
  Kravur.cpp
  IndexBuffer.cpp
  PipelineState.cpp
  RenderTarget.cpp
  Shader.cpp
  TextureArray.cpp
  Sensor.cpp
  BufferReader.cpp
  Reader.cpp
  Writer.cpp
  Quaternion.cpp
  Connection.cpp
  CameraImage.cpp
  SensorState.cpp
  VrInterface.cpp
  VrPose.cpp
  VrPoseState.cpp
  CommandList5Impl.c
  ConstantBuffer5Impl.c
  G5onG4.c
  IndexBuffer5Impl.c
  PipelineState5Impl.c
  RenderTarget5Impl.c
  Shader5Impl.c
  Texture5Impl.c
  VertexBuffer5Impl.c
  Event.c
  Mutex.c
  Semaphore.c
  SystemMicrosoft.c
  Thread.c
  ThreadLocal.c
  Display.c
  Http.c
  Window.c
  color.c
  error.c
  image.c
  log.c
  stb_vorbis.c
  graphics.c
  pipeline.c
  vertexbuffer.c
  commandlist.c
  constantbuffer.c
  texture.c
  acceleration.c
  gamepad.c
  keyboard.c
  pen.c
  rotation.c
  surface.c
  filewriter.c
  lz4x.c
  core.c
  matrix.c
  random.c
  system.c
  window.c
  audio.cpp
  audio.c
  graphics.c
  graphics.c
  pipeline.c
  mouse.c
  http.c
  Display.cpp
  Error.cpp
  Log.cpp
  System.cpp
  Window.cpp
  Audio.cpp
  Sound.cpp
  SoundStream.cpp
  Audio.cpp
  Audio.cpp
  Color.cpp
  Graphics.cpp
  Image.cpp
  Graphics.cpp
  Graphics.cpp
  Texture.cpp
  Graphics.cpp
  Texture.cpp
  VertexBuffer.cpp
  CommandList.cpp
  ConstantBuffer.cpp
  Graphics.cpp
  PipelineState.cpp
  Texture.cpp
  Gamepad.cpp
  Keyboard.cpp
  Mouse.cpp
  Pen.cpp
  Surface.cpp
  FileReader.winrt.cpp
  FileWriter.cpp
  Core.cpp
  Random.cpp
  Http.cpp
  Socket.cpp
  Event.cpp
  Mutex.cpp
  Semaphore.cpp
  Thread.cpp
  ThreadLocal.cpp
     Создается библиотека C:\projects\Kinc\build\x64\Release\Kinc.lib и объект C:\projects\Kinc\build\x64\Release\Kinc.exp
  Создание кода
  Previous IPDB not found, fall back to full compilation.
  All 2276 functions were compiled because no usable IPDB/IOBJ from previous compilation was found.
  Создание кода завершено
  Kinc.vcxproj -> C:\projects\Kinc\build\x64\Release\Kinc.dll
